{"level":"debug","message":"Configurando CORS"}
{"level":"debug","message":"Configurando endpoints"}
{"level":"error","message":"Error al iniciar el servidor Cannot find module 'jsonwebtoken'\nRequire stack:\n- C:\\Users\\JuanPablo\\Desktop\\ferrenet\\server\\repositories\\articulos.js\n- C:\\Users\\JuanPablo\\Desktop\\ferrenet\\server\\controllers\\articulos.js\n- C:\\Users\\JuanPablo\\Desktop\\ferrenet\\server\\routers\\articulos.js\n- C:\\Users\\JuanPablo\\Desktop\\ferrenet\\server\\routers\\index.js\n- C:\\Users\\JuanPablo\\Desktop\\ferrenet\\server\\app.js\n- C:\\Users\\JuanPablo\\Desktop\\ferrenet\\server\\bin\\www"}
{"level":"debug","message":"Configurando CORS"}
{"level":"debug","message":"Configurando endpoints"}
{"level":"error","message":"Error al iniciar el servidor ArticulosController is not defined"}
{"level":"debug","message":"Configurando CORS"}
{"level":"debug","message":"Configurando endpoints"}
{"level":"info","message":"Iniciando servidor en el puerto 3000"}
{"level":"debug","message":"Configurando CORS"}
{"level":"debug","message":"Configurando endpoints"}
{"level":"info","message":"Iniciando servidor en el puerto 3000"}
{"level":"debug","message":"Configurando CORS"}
{"level":"debug","message":"Configurando endpoints"}
{"level":"info","message":"Iniciando servidor en el puerto 3000"}
{"level":"debug","message":"Configurando CORS"}
{"level":"debug","message":"Configurando endpoints"}
{"level":"info","message":"Iniciando servidor en el puerto 3000"}
{"level":"debug","message":"Configurando CORS"}
{"level":"debug","message":"Configurando endpoints"}
{"level":"error","message":"Error al iniciar el servidor http is not defined"}
{"level":"debug","message":"Configurando CORS"}
{"level":"debug","message":"Configurando endpoints"}
{"level":"error","message":"Error al iniciar el servidor http is not defined"}
{"level":"debug","message":"Configurando CORS"}
{"level":"debug","message":"Configurando endpoints"}
{"level":"info","message":"Iniciando servidor en el puerto 3000"}
{"level":"error","message":"Error en el metodo getListListaUsuarios"}
{"level":"error"}
{"level":"error","message":"Error en el metodo getListListaUsuarios"}
{"level":"error"}
{"level":"error","message":"Error en el metodo getListListaUsuarios"}
{"level":"error"}
{"level":"error","message":"Error en el metodo getListListaUsuarios"}
{"level":"error"}
{"level":"debug","message":"Configurando CORS"}
{"level":"debug","message":"Configurando endpoints"}
{"level":"info","message":"Iniciando servidor en el puerto 3000"}
{"level":"debug","message":"Configurando CORS"}
{"level":"debug","message":"Configurando endpoints"}
{"level":"info","message":"Iniciando servidor en el puerto 3000"}
{"level":"error","message":"Error en el metodo getUsuarios"}
{"address":"10.19.0.242","code":"ETIMEDOUT","errno":-4039,"level":"error","port":3050,"syscall":"connect"}
{"level":"error","message":"Error en el metodo getUsuarios"}
{"address":"10.19.0.242","code":"ETIMEDOUT","errno":-4039,"level":"error","port":3050,"syscall":"connect"}
{"level":"error","message":"Error en el metodo getUsuarios"}
{"address":"10.19.0.242","code":"ECONNABORTED","errno":-4079,"level":"error","port":3050,"syscall":"connect"}
{"level":"debug","message":"Configurando CORS"}
{"level":"debug","message":"Configurando endpoints"}
{"level":"info","message":"Iniciando servidor en el puerto 3000"}
{"level":"debug","message":"Configurando CORS"}
{"level":"debug","message":"Configurando endpoints"}
{"level":"info","message":"Iniciando servidor en el puerto 3000"}
{"level":"debug","message":"Configurando CORS"}
{"level":"debug","message":"Configurando endpoints"}
{"level":"info","message":"Iniciando servidor en el puerto 3000"}
{"level":"debug","message":"Configurando CORS"}
{"level":"debug","message":"Configurando endpoints"}
{"level":"info","message":"Iniciando servidor en el puerto 3000"}
{"level":"debug","message":"Configurando CORS"}
{"level":"debug","message":"Configurando endpoints"}
{"level":"info","message":"Iniciando servidor en el puerto 3000"}
{"level":"debug","message":"Configurando CORS"}
{"level":"debug","message":"Configurando endpoints"}
{"level":"info","message":"Iniciando servidor en el puerto 3000"}
{"level":"debug","message":"Configurando CORS"}
{"level":"debug","message":"Configurando endpoints"}
{"level":"info","message":"Iniciando servidor en el puerto 3000"}
{"level":"debug","message":"Configurando CORS"}
{"level":"debug","message":"Configurando endpoints"}
{"level":"info","message":"Iniciando servidor en el puerto 3000"}
{"level":"debug","message":"Configurando CORS"}
{"level":"debug","message":"Configurando endpoints"}
{"level":"info","message":"Iniciando servidor en el puerto 3000"}
{"level":"error","message":"Error en el metodo getVerifPass"}
{"gdscode":335544569,"level":"error"}
{"level":"debug","message":"Configurando CORS"}
{"level":"debug","message":"Configurando endpoints"}
{"level":"info","message":"Iniciando servidor en el puerto 3000"}
{"level":"error","message":"Error en el metodo getVerifPass"}
{"gdscode":335544569,"level":"error"}
{"level":"debug","message":"Configurando CORS"}
{"level":"debug","message":"Configurando endpoints"}
{"level":"info","message":"Iniciando servidor en el puerto 3000"}
{"level":"debug","message":"Configurando CORS"}
{"level":"debug","message":"Configurando endpoints"}
{"level":"info","message":"Iniciando servidor en el puerto 3000"}
{"level":"debug","message":"Configurando CORS"}
{"level":"debug","message":"Configurando endpoints"}
{"level":"info","message":"Iniciando servidor en el puerto 3000"}
{"level":"debug","message":"Configurando CORS"}
{"level":"debug","message":"Configurando endpoints"}
{"level":"info","message":"Iniciando servidor en el puerto 3000"}
{"level":"debug","message":"Configurando CORS"}
{"level":"debug","message":"Configurando endpoints"}
{"level":"info","message":"Iniciando servidor en el puerto 3000"}
{"level":"debug","message":"Configurando CORS"}
{"level":"debug","message":"Configurando endpoints"}
{"level":"info","message":"Iniciando servidor en el puerto 3000"}
{"level":"debug","message":"Configurando CORS"}
{"level":"debug","message":"Configurando endpoints"}
{"level":"info","message":"Iniciando servidor en el puerto 3000"}
{"level":"error","message":"Error en el metodo getVerifPass"}
{"address":"10.19.0.242","code":"ETIMEDOUT","errno":-4039,"level":"error","port":3050,"syscall":"connect"}
{"level":"debug","message":"Configurando CORS"}
{"level":"debug","message":"Configurando endpoints"}
{"level":"info","message":"Iniciando servidor en el puerto 3000"}
{"level":"debug","message":"Configurando CORS"}
{"level":"debug","message":"Configurando endpoints"}
{"level":"info","message":"Iniciando servidor en el puerto 3000"}
{"level":"debug","message":"Configurando CORS"}
{"level":"debug","message":"Configurando endpoints"}
{"level":"info","message":"Iniciando servidor en el puerto 3000"}
{"level":"debug","message":"Configurando CORS"}
{"level":"debug","message":"Configurando endpoints"}
{"level":"info","message":"Iniciando servidor en el puerto 3000"}
{"level":"debug","message":"Configurando CORS"}
{"level":"debug","message":"Configurando endpoints"}
{"level":"info","message":"Iniciando servidor en el puerto 3000"}
{"level":"debug","message":"Configurando CORS"}
{"level":"debug","message":"Configurando endpoints"}
{"level":"info","message":"Iniciando servidor en el puerto 3000"}
{"level":"debug","message":"Configurando CORS"}
{"level":"debug","message":"Configurando endpoints"}
{"level":"info","message":"Iniciando servidor en el puerto 3000"}
{"level":"error","message":"Error en el metodo getVerifPass"}
{"address":"10.19.0.242","code":"ETIMEDOUT","errno":-4039,"level":"error","port":3050,"syscall":"connect"}
{"level":"error","message":"Error en el metodo getVerifPass"}
{"address":"10.19.0.242","code":"ETIMEDOUT","errno":-4039,"level":"error","port":3050,"syscall":"connect"}
{"level":"error","message":"Error en el metodo getVerifPass"}
{"address":"10.19.0.242","code":"ETIMEDOUT","errno":-4039,"level":"error","port":3050,"syscall":"connect"}
{"level":"debug","message":"Configurando CORS"}
{"level":"debug","message":"Configurando endpoints"}
{"level":"info","message":"Iniciando servidor en el puerto 3000"}
{"level":"debug","message":"Configurando CORS"}
{"level":"debug","message":"Configurando endpoints"}
{"level":"info","message":"Iniciando servidor en el puerto 3000"}
{"level":"debug","message":"Configurando CORS"}
{"level":"debug","message":"Configurando endpoints"}
{"level":"info","message":"Iniciando servidor en el puerto 3000"}
{"level":"debug","message":"Configurando CORS"}
{"level":"debug","message":"Configurando endpoints"}
{"level":"info","message":"Iniciando servidor en el puerto 3000"}
{"level":"debug","message":"Configurando CORS"}
{"level":"debug","message":"Configurando endpoints"}
{"level":"info","message":"Iniciando servidor en el puerto 3000"}
{"level":"debug","message":"Configurando CORS"}
{"level":"debug","message":"Configurando endpoints"}
{"level":"info","message":"Iniciando servidor en el puerto 3000"}
{"level":"debug","message":"Configurando CORS"}
{"level":"debug","message":"Configurando endpoints"}
{"level":"info","message":"Iniciando servidor en el puerto 3000"}
{"level":"debug","message":"Configurando CORS"}
{"level":"debug","message":"Configurando endpoints"}
{"level":"info","message":"Iniciando servidor en el puerto 3000"}
{"level":"debug","message":"Configurando CORS"}
{"level":"debug","message":"Configurando endpoints"}
{"level":"info","message":"Iniciando servidor en el puerto 3000"}
{"level":"debug","message":"Configurando CORS"}
{"level":"debug","message":"Configurando endpoints"}
{"level":"info","message":"Iniciando servidor en el puerto 3000"}
{"level":"debug","message":"Configurando CORS"}
{"level":"debug","message":"Configurando endpoints"}
{"level":"info","message":"Iniciando servidor en el puerto 3000"}
{"level":"debug","message":"Configurando CORS"}
{"level":"debug","message":"Configurando endpoints"}
{"level":"info","message":"Iniciando servidor en el puerto 3000"}
{"level":"debug","message":"Configurando CORS"}
{"level":"debug","message":"Configurando endpoints"}
{"level":"info","message":"Iniciando servidor en el puerto 3000"}
{"level":"debug","message":"Configurando CORS"}
{"level":"debug","message":"Configurando endpoints"}
{"level":"info","message":"Iniciando servidor en el puerto 3000"}
{"level":"debug","message":"Configurando CORS"}
{"level":"debug","message":"Configurando endpoints"}
{"level":"info","message":"Iniciando servidor en el puerto 3000"}
{"level":"debug","message":"Configurando CORS"}
{"level":"debug","message":"Configurando endpoints"}
{"level":"info","message":"Iniciando servidor en el puerto 3000"}
{"level":"debug","message":"Configurando CORS"}
{"level":"debug","message":"Configurando endpoints"}
{"level":"info","message":"Iniciando servidor en el puerto 3000"}
{"level":"debug","message":"Configurando CORS"}
{"level":"debug","message":"Configurando endpoints"}
{"level":"info","message":"Iniciando servidor en el puerto 3000"}
{"level":"debug","message":"Configurando CORS"}
{"level":"debug","message":"Configurando endpoints"}
{"level":"info","message":"Iniciando servidor en el puerto 3000"}
{"level":"debug","message":"Configurando CORS"}
{"level":"debug","message":"Configurando endpoints"}
{"level":"info","message":"Iniciando servidor en el puerto 3000"}
{"level":"debug","message":"Configurando CORS"}
{"level":"debug","message":"Configurando endpoints"}
{"level":"info","message":"Iniciando servidor en el puerto 3000"}
{"level":"debug","message":"Configurando CORS"}
{"level":"debug","message":"Configurando endpoints"}
{"level":"info","message":"Iniciando servidor en el puerto 3000"}
{"level":"debug","message":"Configurando CORS"}
{"level":"debug","message":"Configurando endpoints"}
{"level":"info","message":"Iniciando servidor en el puerto 3000"}
{"level":"debug","message":"Configurando CORS"}
{"level":"debug","message":"Configurando endpoints"}
{"level":"info","message":"Iniciando servidor en el puerto 3000"}
{"level":"debug","message":"Configurando CORS"}
{"level":"debug","message":"Configurando endpoints"}
{"level":"info","message":"Iniciando servidor en el puerto 3000"}
{"level":"debug","message":"Configurando CORS"}
{"level":"debug","message":"Configurando endpoints"}
{"level":"info","message":"Iniciando servidor en el puerto 3000"}
{"level":"debug","message":"Configurando CORS"}
{"level":"debug","message":"Configurando endpoints"}
{"level":"info","message":"Iniciando servidor en el puerto 3000"}
{"level":"debug","message":"Configurando CORS"}
{"level":"debug","message":"Configurando endpoints"}
{"level":"info","message":"Iniciando servidor en el puerto 3000"}
{"level":"debug","message":"Configurando CORS"}
{"level":"debug","message":"Configurando endpoints"}
{"level":"info","message":"Iniciando servidor en el puerto 3000"}
{"level":"error","message":"Error en el metodo getPoliticas"}
{"level":"error"}
{"level":"debug","message":"Configurando CORS"}
{"level":"debug","message":"Configurando endpoints"}
{"level":"info","message":"Iniciando servidor en el puerto 3000"}
{"level":"debug","message":"Configurando CORS"}
{"level":"debug","message":"Configurando endpoints"}
{"level":"info","message":"Iniciando servidor en el puerto 3000"}
{"level":"debug","message":"Configurando CORS"}
{"level":"debug","message":"Configurando endpoints"}
{"level":"info","message":"Iniciando servidor en el puerto 3000"}
{"level":"debug","message":"Configurando CORS"}
{"level":"debug","message":"Configurando endpoints"}
{"level":"info","message":"Iniciando servidor en el puerto 3000"}
{"level":"error","message":"Error en el metodo getPoliticas"}
{"level":"error"}
{"level":"debug","message":"Configurando CORS"}
{"level":"debug","message":"Configurando endpoints"}
{"level":"info","message":"Iniciando servidor en el puerto 3000"}
{"level":"debug","message":"Configurando CORS"}
{"level":"debug","message":"Configurando endpoints"}
{"level":"info","message":"Iniciando servidor en el puerto 3000"}
{"level":"debug","message":"Configurando CORS"}
{"level":"debug","message":"Configurando endpoints"}
{"level":"info","message":"Iniciando servidor en el puerto 3000"}
{"level":"debug","message":"Configurando CORS"}
{"level":"debug","message":"Configurando endpoints"}
{"level":"info","message":"Iniciando servidor en el puerto 3000"}
{"level":"debug","message":"Configurando CORS"}
{"level":"debug","message":"Configurando endpoints"}
{"level":"info","message":"Iniciando servidor en el puerto 3000"}
{"level":"debug","message":"Configurando CORS"}
{"level":"debug","message":"Configurando endpoints"}
{"level":"error","message":"Error al iniciar el servidor await is only valid in async functions and the top level bodies of modules"}
{"level":"debug","message":"Configurando CORS"}
{"level":"debug","message":"Configurando endpoints"}
{"level":"info","message":"Iniciando servidor en el puerto 3000"}
{"level":"debug","message":"Configurando CORS"}
{"level":"debug","message":"Configurando endpoints"}
{"level":"info","message":"Iniciando servidor en el puerto 3000"}
{"level":"debug","message":"Configurando CORS"}
{"level":"debug","message":"Configurando endpoints"}
{"level":"info","message":"Iniciando servidor en el puerto 3000"}
{"level":"debug","message":"Configurando CORS"}
{"level":"debug","message":"Configurando endpoints"}
{"level":"info","message":"Iniciando servidor en el puerto 3000"}
{"level":"debug","message":"Configurando CORS"}
{"level":"debug","message":"Configurando endpoints"}
{"level":"error","message":"Error al iniciar el servidor Unexpected token 'export'"}
{"level":"debug","message":"Configurando CORS"}
{"level":"debug","message":"Configurando endpoints"}
{"level":"info","message":"Iniciando servidor en el puerto 3000"}
{"level":"debug","message":"Configurando CORS"}
{"level":"debug","message":"Configurando endpoints"}
{"level":"info","message":"Iniciando servidor en el puerto 3000"}
{"level":"debug","message":"Configurando CORS"}
{"level":"debug","message":"Configurando endpoints"}
{"level":"info","message":"Iniciando servidor en el puerto 3000"}
{"level":"debug","message":"Configurando CORS"}
{"level":"debug","message":"Configurando endpoints"}
{"level":"info","message":"Iniciando servidor en el puerto 3000"}
{"level":"debug","message":"Configurando CORS"}
{"level":"debug","message":"Configurando endpoints"}
{"level":"info","message":"Iniciando servidor en el puerto 3000"}
{"level":"debug","message":"Configurando CORS"}
{"level":"debug","message":"Configurando endpoints"}
{"level":"info","message":"Iniciando servidor en el puerto 3000"}
{"level":"debug","message":"Configurando CORS"}
{"level":"debug","message":"Configurando endpoints"}
{"level":"info","message":"Iniciando servidor en el puerto 3000"}
{"level":"debug","message":"Configurando CORS"}
{"level":"debug","message":"Configurando endpoints"}
{"level":"info","message":"Iniciando servidor en el puerto 3000"}
{"level":"debug","message":"Configurando CORS"}
{"level":"debug","message":"Configurando endpoints"}
{"level":"info","message":"Iniciando servidor en el puerto 3000"}
{"level":"debug","message":"Configurando CORS"}
{"level":"debug","message":"Configurando endpoints"}
{"level":"info","message":"Iniciando servidor en el puerto 3000"}
{"level":"debug","message":"Configurando CORS"}
{"level":"debug","message":"Configurando endpoints"}
{"level":"info","message":"Iniciando servidor en el puerto 3000"}
{"level":"debug","message":"Configurando CORS"}
{"level":"debug","message":"Configurando endpoints"}
{"level":"info","message":"Iniciando servidor en el puerto 3000"}
{"level":"debug","message":"Configurando CORS"}
{"level":"debug","message":"Configurando endpoints"}
{"level":"info","message":"Iniciando servidor en el puerto 3000"}
{"level":"debug","message":"Configurando CORS"}
{"level":"debug","message":"Configurando endpoints"}
{"level":"info","message":"Iniciando servidor en el puerto 3000"}
{"level":"debug","message":"Configurando CORS"}
{"level":"debug","message":"Configurando endpoints"}
{"level":"info","message":"Iniciando servidor en el puerto 3000"}
{"level":"debug","message":"Configurando CORS"}
{"level":"debug","message":"Configurando endpoints"}
{"level":"info","message":"Iniciando servidor en el puerto 3000"}
{"level":"debug","message":"Configurando CORS"}
{"level":"debug","message":"Configurando endpoints"}
{"level":"error","message":"Error al iniciar el servidor Cannot find module 'core-js/fn/promise'\nRequire stack:\n- C:\\Users\\JuanPablo\\Desktop\\Ferrenet\\server\\routers\\politicas.js\n- C:\\Users\\JuanPablo\\Desktop\\Ferrenet\\server\\routers\\index.js\n- C:\\Users\\JuanPablo\\Desktop\\Ferrenet\\server\\app.js\n- C:\\Users\\JuanPablo\\Desktop\\Ferrenet\\server\\bin\\www"}
{"level":"debug","message":"Configurando CORS"}
{"level":"debug","message":"Configurando endpoints"}
{"level":"info","message":"Iniciando servidor en el puerto 3000"}
{"level":"debug","message":"Configurando CORS"}
{"level":"debug","message":"Configurando endpoints"}
{"level":"info","message":"Iniciando servidor en el puerto 3000"}
{"level":"debug","message":"Configurando CORS"}
{"level":"debug","message":"Configurando endpoints"}
{"level":"info","message":"Iniciando servidor en el puerto 3000"}
{"level":"debug","message":"Configurando CORS"}
{"level":"debug","message":"Configurando endpoints"}
{"level":"info","message":"Iniciando servidor en el puerto 3000"}
{"level":"debug","message":"Configurando CORS"}
{"level":"debug","message":"Configurando endpoints"}
{"level":"info","message":"Iniciando servidor en el puerto 3000"}
{"level":"debug","message":"Configurando CORS"}
{"level":"debug","message":"Configurando endpoints"}
{"level":"info","message":"Iniciando servidor en el puerto 3000"}
{"level":"debug","message":"Configurando CORS"}
{"level":"debug","message":"Configurando endpoints"}
{"level":"info","message":"Iniciando servidor en el puerto 3000"}
{"level":"debug","message":"Configurando CORS"}
{"level":"debug","message":"Configurando endpoints"}
{"level":"info","message":"Iniciando servidor en el puerto 3000"}
{"level":"debug","message":"Configurando CORS"}
{"level":"debug","message":"Configurando endpoints"}
{"level":"info","message":"Iniciando servidor en el puerto 3000"}
{"level":"debug","message":"Configurando CORS"}
{"level":"debug","message":"Configurando endpoints"}
{"level":"info","message":"Iniciando servidor en el puerto 3000"}
{"level":"debug","message":"Configurando CORS"}
{"level":"debug","message":"Configurando endpoints"}
{"level":"info","message":"Iniciando servidor en el puerto 3000"}
{"level":"debug","message":"Configurando CORS"}
{"level":"debug","message":"Configurando endpoints"}
{"level":"info","message":"Iniciando servidor en el puerto 3000"}
{"level":"debug","message":"Configurando CORS"}
{"level":"debug","message":"Configurando endpoints"}
{"level":"info","message":"Iniciando servidor en el puerto 3000"}
{"level":"debug","message":"Configurando CORS"}
{"level":"debug","message":"Configurando endpoints"}
{"level":"info","message":"Iniciando servidor en el puerto 3000"}
{"level":"debug","message":"Configurando CORS"}
{"level":"debug","message":"Configurando endpoints"}
{"level":"info","message":"Iniciando servidor en el puerto 3000"}
{"level":"debug","message":"Configurando CORS"}
{"level":"debug","message":"Configurando endpoints"}
{"level":"info","message":"Iniciando servidor en el puerto 3000"}
{"level":"debug","message":"Configurando CORS"}
{"level":"debug","message":"Configurando endpoints"}
{"level":"info","message":"Iniciando servidor en el puerto 3000"}
{"level":"debug","message":"Configurando CORS"}
{"level":"debug","message":"Configurando endpoints"}
{"level":"info","message":"Iniciando servidor en el puerto 3000"}
{"level":"debug","message":"Configurando CORS"}
{"level":"debug","message":"Configurando endpoints"}
{"level":"info","message":"Iniciando servidor en el puerto 3000"}
{"level":"debug","message":"Configurando CORS"}
{"level":"debug","message":"Configurando endpoints"}
{"level":"info","message":"Iniciando servidor en el puerto 3000"}
{"level":"debug","message":"Configurando CORS"}
{"level":"debug","message":"Configurando endpoints"}
{"level":"info","message":"Iniciando servidor en el puerto 3000"}
{"level":"debug","message":"Configurando CORS"}
{"level":"debug","message":"Configurando endpoints"}
{"level":"info","message":"Iniciando servidor en el puerto 3000"}
{"level":"debug","message":"Configurando CORS"}
{"level":"debug","message":"Configurando endpoints"}
{"level":"info","message":"Iniciando servidor en el puerto 3000"}
{"level":"debug","message":"Configurando CORS"}
{"level":"debug","message":"Configurando endpoints"}
{"level":"info","message":"Iniciando servidor en el puerto 3000"}
{"level":"debug","message":"Configurando CORS"}
{"level":"debug","message":"Configurando endpoints"}
{"level":"info","message":"Iniciando servidor en el puerto 3000"}
{"level":"debug","message":"Configurando CORS"}
{"level":"debug","message":"Configurando endpoints"}
{"level":"info","message":"Iniciando servidor en el puerto 3000"}
{"level":"debug","message":"Configurando CORS"}
{"level":"debug","message":"Configurando endpoints"}
{"level":"info","message":"Iniciando servidor en el puerto 3000"}
{"level":"debug","message":"Configurando CORS"}
{"level":"debug","message":"Configurando endpoints"}
{"level":"info","message":"Iniciando servidor en el puerto 3000"}
{"level":"debug","message":"Configurando CORS"}
{"level":"debug","message":"Configurando endpoints"}
{"level":"info","message":"Iniciando servidor en el puerto 3000"}
{"level":"debug","message":"Configurando CORS"}
{"level":"debug","message":"Configurando endpoints"}
{"level":"info","message":"Iniciando servidor en el puerto 3000"}
{"level":"debug","message":"Configurando CORS"}
{"level":"debug","message":"Configurando endpoints"}
{"level":"info","message":"Iniciando servidor en el puerto 3000"}
{"level":"debug","message":"Configurando CORS"}
{"level":"debug","message":"Configurando endpoints"}
{"level":"info","message":"Iniciando servidor en el puerto 3000"}
{"level":"debug","message":"Configurando CORS"}
{"level":"debug","message":"Configurando endpoints"}
{"level":"info","message":"Iniciando servidor en el puerto 3000"}
{"level":"debug","message":"Configurando CORS"}
{"level":"debug","message":"Configurando endpoints"}
{"level":"info","message":"Iniciando servidor en el puerto 3000"}
{"level":"debug","message":"Configurando CORS"}
{"level":"debug","message":"Configurando endpoints"}
{"level":"info","message":"Iniciando servidor en el puerto 3000"}
{"level":"debug","message":"Configurando CORS"}
{"level":"debug","message":"Configurando endpoints"}
{"level":"info","message":"Iniciando servidor en el puerto 3000"}
{"level":"debug","message":"Configurando CORS"}
{"level":"debug","message":"Configurando endpoints"}
{"level":"info","message":"Iniciando servidor en el puerto 3000"}
{"level":"debug","message":"Configurando CORS"}
{"level":"debug","message":"Configurando endpoints"}
{"level":"info","message":"Iniciando servidor en el puerto 3000"}
{"level":"debug","message":"Configurando CORS"}
{"level":"debug","message":"Configurando endpoints"}
{"level":"info","message":"Iniciando servidor en el puerto 3000"}
{"level":"debug","message":"Configurando CORS"}
{"level":"debug","message":"Configurando endpoints"}
{"level":"info","message":"Iniciando servidor en el puerto 3000"}
{"level":"debug","message":"Configurando CORS"}
{"level":"debug","message":"Configurando endpoints"}
{"level":"info","message":"Iniciando servidor en el puerto 3000"}
{"level":"debug","message":"Configurando CORS"}
{"level":"debug","message":"Configurando endpoints"}
{"level":"info","message":"Iniciando servidor en el puerto 3000"}
{"level":"debug","message":"Configurando CORS"}
{"level":"debug","message":"Configurando endpoints"}
{"level":"info","message":"Iniciando servidor en el puerto 3000"}
{"level":"debug","message":"Configurando CORS"}
{"level":"debug","message":"Configurando endpoints"}
{"level":"info","message":"Iniciando servidor en el puerto 3000"}
{"level":"debug","message":"Configurando CORS"}
{"level":"debug","message":"Configurando endpoints"}
{"level":"info","message":"Iniciando servidor en el puerto 3000"}
{"level":"debug","message":"Configurando CORS"}
{"level":"debug","message":"Configurando endpoints"}
{"level":"info","message":"Iniciando servidor en el puerto 3000"}
{"level":"debug","message":"Configurando CORS"}
{"level":"debug","message":"Configurando endpoints"}
{"level":"info","message":"Iniciando servidor en el puerto 3000"}
{"level":"debug","message":"Configurando CORS"}
{"level":"debug","message":"Configurando endpoints"}
{"level":"info","message":"Iniciando servidor en el puerto 3000"}
{"level":"debug","message":"Configurando CORS"}
{"level":"debug","message":"Configurando endpoints"}
{"level":"info","message":"Iniciando servidor en el puerto 3000"}
{"level":"debug","message":"Configurando CORS"}
{"level":"debug","message":"Configurando endpoints"}
{"level":"info","message":"Iniciando servidor en el puerto 3000"}
{"level":"debug","message":"Configurando CORS"}
{"level":"debug","message":"Configurando endpoints"}
{"level":"info","message":"Iniciando servidor en el puerto 3000"}
{"level":"debug","message":"Configurando CORS"}
{"level":"debug","message":"Configurando endpoints"}
{"level":"info","message":"Iniciando servidor en el puerto 3000"}
{"level":"debug","message":"Configurando CORS"}
{"level":"debug","message":"Configurando endpoints"}
{"level":"info","message":"Iniciando servidor en el puerto 3000"}
{"level":"debug","message":"Configurando CORS"}
{"level":"debug","message":"Configurando endpoints"}
{"level":"info","message":"Iniciando servidor en el puerto 3000"}
{"level":"debug","message":"Configurando CORS"}
{"level":"debug","message":"Configurando endpoints"}
{"level":"info","message":"Iniciando servidor en el puerto 3000"}
{"level":"debug","message":"Configurando CORS"}
{"level":"debug","message":"Configurando endpoints"}
{"level":"info","message":"Iniciando servidor en el puerto 3000"}
{"level":"debug","message":"Configurando CORS"}
{"level":"debug","message":"Configurando endpoints"}
{"level":"info","message":"Iniciando servidor en el puerto 3000"}
{"level":"debug","message":"Configurando CORS"}
{"level":"debug","message":"Configurando endpoints"}
{"level":"info","message":"Iniciando servidor en el puerto 3000"}
{"level":"debug","message":"Configurando CORS"}
{"level":"debug","message":"Configurando endpoints"}
{"level":"info","message":"Iniciando servidor en el puerto 3000"}
{"level":"debug","message":"Configurando CORS"}
{"level":"debug","message":"Configurando endpoints"}
{"level":"info","message":"Iniciando servidor en el puerto 3000"}
{"level":"debug","message":"Configurando CORS"}
{"level":"debug","message":"Configurando endpoints"}
{"level":"info","message":"Iniciando servidor en el puerto 3000"}
{"level":"debug","message":"Configurando CORS"}
{"level":"debug","message":"Configurando endpoints"}
{"level":"info","message":"Iniciando servidor en el puerto 3000"}
{"level":"debug","message":"Configurando CORS"}
{"level":"debug","message":"Configurando endpoints"}
{"level":"info","message":"Iniciando servidor en el puerto 3000"}
{"level":"debug","message":"Configurando CORS"}
{"level":"debug","message":"Configurando endpoints"}
{"level":"info","message":"Iniciando servidor en el puerto 3000"}
{"level":"debug","message":"Configurando CORS"}
{"level":"debug","message":"Configurando endpoints"}
{"level":"info","message":"Iniciando servidor en el puerto 3000"}
{"level":"debug","message":"Configurando CORS"}
{"level":"debug","message":"Configurando endpoints"}
{"level":"info","message":"Iniciando servidor en el puerto 3000"}
{"level":"debug","message":"Configurando CORS"}
{"level":"debug","message":"Configurando endpoints"}
{"level":"info","message":"Iniciando servidor en el puerto 3000"}
{"level":"debug","message":"Configurando CORS"}
{"level":"debug","message":"Configurando endpoints"}
{"level":"info","message":"Iniciando servidor en el puerto 3000"}
{"level":"debug","message":"Configurando CORS"}
{"level":"debug","message":"Configurando endpoints"}
{"level":"info","message":"Iniciando servidor en el puerto 3000"}
{"level":"debug","message":"Configurando CORS"}
{"level":"debug","message":"Configurando endpoints"}
{"level":"info","message":"Iniciando servidor en el puerto 3000"}
{"level":"debug","message":"Configurando CORS"}
{"level":"debug","message":"Configurando endpoints"}
{"level":"info","message":"Iniciando servidor en el puerto 3000"}
{"level":"debug","message":"Configurando CORS"}
{"level":"debug","message":"Configurando endpoints"}
{"level":"info","message":"Iniciando servidor en el puerto 3000"}
{"level":"debug","message":"Configurando CORS"}
{"level":"debug","message":"Configurando endpoints"}
{"level":"info","message":"Iniciando servidor en el puerto 3000"}
{"level":"debug","message":"Configurando CORS"}
{"level":"debug","message":"Configurando endpoints"}
{"level":"info","message":"Iniciando servidor en el puerto 3000"}
{"level":"debug","message":"Configurando CORS"}
{"level":"debug","message":"Configurando endpoints"}
{"level":"info","message":"Iniciando servidor en el puerto 3000"}
{"level":"debug","message":"Configurando CORS"}
{"level":"debug","message":"Configurando endpoints"}
{"level":"info","message":"Iniciando servidor en el puerto 3000"}
{"level":"debug","message":"Configurando CORS"}
{"level":"debug","message":"Configurando endpoints"}
{"level":"info","message":"Iniciando servidor en el puerto 3000"}
{"level":"debug","message":"Configurando CORS"}
{"level":"debug","message":"Configurando endpoints"}
{"level":"info","message":"Iniciando servidor en el puerto 3000"}
{"level":"debug","message":"Configurando CORS"}
{"level":"debug","message":"Configurando endpoints"}
{"level":"info","message":"Iniciando servidor en el puerto 3000"}
{"level":"debug","message":"Configurando CORS"}
{"level":"debug","message":"Configurando endpoints"}
{"level":"info","message":"Iniciando servidor en el puerto 3000"}
{"level":"debug","message":"Configurando CORS"}
{"level":"debug","message":"Configurando endpoints"}
{"level":"info","message":"Iniciando servidor en el puerto 3000"}
{"level":"debug","message":"Configurando CORS"}
{"level":"debug","message":"Configurando endpoints"}
{"level":"info","message":"Iniciando servidor en el puerto 3000"}
{"level":"debug","message":"Configurando CORS"}
{"level":"debug","message":"Configurando endpoints"}
{"level":"info","message":"Iniciando servidor en el puerto 3000"}
{"level":"debug","message":"Configurando CORS"}
{"level":"debug","message":"Configurando endpoints"}
{"level":"info","message":"Iniciando servidor en el puerto 3000"}
{"level":"debug","message":"Configurando CORS"}
{"level":"debug","message":"Configurando endpoints"}
{"level":"info","message":"Iniciando servidor en el puerto 3000"}
{"level":"debug","message":"Configurando CORS"}
{"level":"debug","message":"Configurando endpoints"}
{"level":"info","message":"Iniciando servidor en el puerto 3000"}
{"level":"debug","message":"Configurando CORS"}
{"level":"debug","message":"Configurando endpoints"}
{"level":"info","message":"Iniciando servidor en el puerto 3000"}
{"level":"debug","message":"Configurando CORS"}
{"level":"debug","message":"Configurando endpoints"}
{"level":"info","message":"Iniciando servidor en el puerto 3000"}
{"level":"debug","message":"Configurando CORS"}
{"level":"debug","message":"Configurando endpoints"}
{"level":"info","message":"Iniciando servidor en el puerto 3000"}
{"level":"debug","message":"Configurando CORS"}
{"level":"debug","message":"Configurando endpoints"}
{"level":"info","message":"Iniciando servidor en el puerto 3000"}
{"level":"debug","message":"Configurando CORS"}
{"level":"debug","message":"Configurando endpoints"}
{"level":"info","message":"Iniciando servidor en el puerto 3000"}
{"level":"debug","message":"Configurando CORS"}
{"level":"debug","message":"Configurando endpoints"}
{"level":"info","message":"Iniciando servidor en el puerto 3000"}
{"level":"debug","message":"Configurando CORS"}
{"level":"debug","message":"Configurando endpoints"}
{"level":"info","message":"Iniciando servidor en el puerto 3000"}
{"level":"debug","message":"Configurando CORS"}
{"level":"debug","message":"Configurando endpoints"}
{"level":"info","message":"Iniciando servidor en el puerto 3000"}
{"level":"debug","message":"Configurando CORS"}
{"level":"debug","message":"Configurando endpoints"}
{"level":"info","message":"Iniciando servidor en el puerto 3000"}
{"level":"debug","message":"Configurando CORS"}
{"level":"debug","message":"Configurando endpoints"}
{"level":"info","message":"Iniciando servidor en el puerto 3000"}
{"level":"debug","message":"Configurando CORS"}
{"level":"debug","message":"Configurando endpoints"}
{"level":"info","message":"Iniciando servidor en el puerto 3000"}
{"level":"debug","message":"Configurando CORS"}
{"level":"debug","message":"Configurando endpoints"}
{"level":"info","message":"Iniciando servidor en el puerto 3000"}
{"level":"debug","message":"Configurando CORS"}
{"level":"debug","message":"Configurando endpoints"}
{"level":"info","message":"Iniciando servidor en el puerto 3000"}
{"level":"debug","message":"Configurando CORS"}
{"level":"debug","message":"Configurando endpoints"}
{"level":"info","message":"Iniciando servidor en el puerto 3000"}
{"level":"debug","message":"Configurando CORS"}
{"level":"debug","message":"Configurando endpoints"}
{"level":"info","message":"Iniciando servidor en el puerto 3000"}
{"level":"debug","message":"Configurando CORS"}
{"level":"debug","message":"Configurando endpoints"}
{"level":"info","message":"Iniciando servidor en el puerto 3000"}
{"level":"debug","message":"Configurando CORS"}
{"level":"debug","message":"Configurando endpoints"}
{"level":"info","message":"Iniciando servidor en el puerto 3000"}
{"level":"debug","message":"Configurando CORS"}
{"level":"debug","message":"Configurando endpoints"}
{"level":"info","message":"Iniciando servidor en el puerto 3000"}
{"level":"error","message":"Error en el metodo getArticulo"}
{"gdscode":335544569,"level":"error"}
{"level":"error","message":"Error en el metodo getArticulo"}
{"gdscode":335544569,"level":"error"}
{"level":"debug","message":"Configurando CORS"}
{"level":"debug","message":"Configurando endpoints"}
{"level":"info","message":"Iniciando servidor en el puerto 3000"}
{"level":"error","message":"Error en el metodo getArticulo"}
{"gdscode":335544569,"level":"error"}
{"level":"debug","message":"Configurando CORS"}
{"level":"debug","message":"Configurando endpoints"}
{"level":"info","message":"Iniciando servidor en el puerto 3000"}
{"level":"debug","message":"Configurando CORS"}
{"level":"debug","message":"Configurando endpoints"}
{"level":"info","message":"Iniciando servidor en el puerto 3000"}
{"level":"error","message":"Error en el metodo getArticulo"}
{"gdscode":335544569,"level":"error"}
{"level":"debug","message":"Configurando CORS"}
{"level":"debug","message":"Configurando endpoints"}
{"level":"info","message":"Iniciando servidor en el puerto 3000"}
{"level":"debug","message":"Configurando CORS"}
{"level":"debug","message":"Configurando endpoints"}
{"level":"info","message":"Iniciando servidor en el puerto 3000"}
{"level":"debug","message":"Configurando CORS"}
{"level":"debug","message":"Configurando endpoints"}
{"level":"info","message":"Iniciando servidor en el puerto 3000"}
{"level":"debug","message":"Configurando CORS"}
{"level":"debug","message":"Configurando endpoints"}
{"level":"info","message":"Iniciando servidor en el puerto 3000"}
{"level":"debug","message":"Configurando CORS"}
{"level":"debug","message":"Configurando endpoints"}
{"level":"info","message":"Iniciando servidor en el puerto 3000"}
{"level":"debug","message":"Configurando CORS"}
{"level":"debug","message":"Configurando endpoints"}
{"level":"info","message":"Iniciando servidor en el puerto 3000"}
{"level":"debug","message":"Configurando CORS"}
{"level":"debug","message":"Configurando endpoints"}
{"level":"info","message":"Iniciando servidor en el puerto 3000"}
{"level":"debug","message":"Configurando CORS"}
{"level":"debug","message":"Configurando endpoints"}
{"level":"info","message":"Iniciando servidor en el puerto 3000"}
{"level":"debug","message":"Configurando CORS"}
{"level":"debug","message":"Configurando endpoints"}
{"level":"info","message":"Iniciando servidor en el puerto 3000"}
{"level":"debug","message":"Configurando CORS"}
{"level":"debug","message":"Configurando endpoints"}
{"level":"info","message":"Iniciando servidor en el puerto 3000"}
{"level":"debug","message":"Configurando CORS"}
{"level":"debug","message":"Configurando endpoints"}
{"level":"info","message":"Iniciando servidor en el puerto 3000"}
{"level":"debug","message":"Configurando CORS"}
{"level":"debug","message":"Configurando endpoints"}
{"level":"info","message":"Iniciando servidor en el puerto 3000"}
{"level":"debug","message":"Configurando CORS"}
{"level":"debug","message":"Configurando endpoints"}
{"level":"info","message":"Iniciando servidor en el puerto 3000"}
{"level":"debug","message":"Configurando CORS"}
{"level":"debug","message":"Configurando endpoints"}
{"level":"info","message":"Iniciando servidor en el puerto 3000"}
{"level":"error","message":"Error en el metodo getArticulo"}
{"gdscode":335544569,"level":"error"}
{"level":"error","message":"Error en el metodo getArticulo"}
{"gdscode":335544569,"level":"error"}
{"level":"debug","message":"Configurando CORS"}
{"level":"debug","message":"Configurando endpoints"}
{"level":"info","message":"Iniciando servidor en el puerto 3000"}
{"level":"debug","message":"Configurando CORS"}
{"level":"debug","message":"Configurando endpoints"}
{"level":"info","message":"Iniciando servidor en el puerto 3000"}
{"level":"error","message":"Error en el metodo getArticulo"}
{"gdscode":335544569,"level":"error"}
{"level":"error","message":"Error en el metodo getArticulo"}
{"gdscode":335544569,"level":"error"}
{"level":"debug","message":"Configurando CORS"}
{"level":"debug","message":"Configurando endpoints"}
{"level":"info","message":"Iniciando servidor en el puerto 3000"}
{"level":"debug","message":"Configurando CORS"}
{"level":"debug","message":"Configurando endpoints"}
{"level":"info","message":"Iniciando servidor en el puerto 3000"}
{"level":"debug","message":"Configurando CORS"}
{"level":"debug","message":"Configurando endpoints"}
{"level":"info","message":"Iniciando servidor en el puerto 3000"}
